[0.071s] DEBUG:colcon:Command line arguments: ['/usr/bin/colcon', 'build', '--packages-select', 'ros2_launch_demo']
[0.071s] DEBUG:colcon:Parsed command line arguments: Namespace(log_base=None, log_level=None, verb_name='build', build_base='build', install_base='install', merge_install=False, symlink_install=False, test_result_base=None, continue_on_error=False, executor='parallel', parallel_workers=24, event_handlers=None, ignore_user_meta=False, metas=['./colcon.meta'], base_paths=['.'], packages_ignore=None, packages_ignore_regex=None, paths=None, packages_up_to=None, packages_up_to_regex=None, packages_above=None, packages_above_and_dependencies=None, packages_above_depth=None, packages_select_by_dep=None, packages_skip_by_dep=None, packages_skip_up_to=None, packages_select_build_failed=False, packages_skip_build_finished=False, packages_select_test_failures=False, packages_skip_test_passed=False, packages_select=['ros2_launch_demo'], packages_skip=None, packages_select_regex=None, packages_skip_regex=None, packages_start=None, packages_end=None, allow_overriding=[], cmake_args=None, cmake_target=None, cmake_target_skip_unavailable=False, cmake_clean_cache=False, cmake_clean_first=False, cmake_force_configure=False, ament_cmake_args=None, catkin_cmake_args=None, catkin_skip_building_tests=False, mixin_files=None, mixin=None, verb_parser=<colcon_mixin.mixin.mixin_argument.MixinArgumentDecorator object at 0x7e6f11ead1c0>, verb_extension=<colcon_core.verb.build.BuildVerb object at 0x7e6f11eaca70>, main=<bound method BuildVerb.main of <colcon_core.verb.build.BuildVerb object at 0x7e6f11eaca70>>, mixin_verb=('build',))
[0.093s] Level 1:colcon.colcon_core.package_discovery:discover_packages(colcon_meta) check parameters
[0.093s] Level 1:colcon.colcon_core.package_discovery:discover_packages(recursive) check parameters
[0.093s] Level 1:colcon.colcon_core.package_discovery:discover_packages(ignore) check parameters
[0.093s] Level 1:colcon.colcon_core.package_discovery:discover_packages(path) check parameters
[0.093s] Level 1:colcon.colcon_core.package_discovery:discover_packages(colcon_meta) discover
[0.094s] Level 1:colcon.colcon_core.package_discovery:discover_packages(recursive) discover
[0.094s] INFO:colcon.colcon_core.package_discovery:Crawling recursively for packages in '/home/sachin/ros2_ws/src/assignment-ros2-launch-files-aasritha602'
[0.094s] Level 1:colcon.colcon_core.package_identification:_identify(.) by extensions ['ignore', 'ignore_ament_install']
[0.094s] Level 1:colcon.colcon_core.package_identification:_identify(.) by extension 'ignore'
[0.094s] Level 1:colcon.colcon_core.package_identification:_identify(.) by extension 'ignore_ament_install'
[0.094s] Level 1:colcon.colcon_core.package_identification:_identify(.) by extensions ['colcon_pkg']
[0.094s] Level 1:colcon.colcon_core.package_identification:_identify(.) by extension 'colcon_pkg'
[0.094s] Level 1:colcon.colcon_core.package_identification:_identify(.) by extensions ['colcon_meta']
[0.094s] Level 1:colcon.colcon_core.package_identification:_identify(.) by extension 'colcon_meta'
[0.094s] Level 1:colcon.colcon_core.package_identification:_identify(.) by extensions ['ros']
[0.094s] Level 1:colcon.colcon_core.package_identification:_identify(.) by extension 'ros'
[0.111s] DEBUG:colcon.colcon_core.package_identification:Package '.' with type 'ros.ament_cmake' and name 'ros2_launch_demo'
[0.111s] Level 1:colcon.colcon_core.package_discovery:discover_packages(recursive) using defaults
[0.111s] Level 1:colcon.colcon_core.package_discovery:discover_packages(ignore) discover
[0.111s] Level 1:colcon.colcon_core.package_discovery:discover_packages(ignore) using defaults
[0.111s] Level 1:colcon.colcon_core.package_discovery:discover_packages(path) discover
[0.111s] Level 1:colcon.colcon_core.package_discovery:discover_packages(path) using defaults
[0.122s] Level 1:colcon.colcon_core.package_discovery:discover_packages(prefix_path) check parameters
[0.122s] Level 1:colcon.colcon_core.package_discovery:discover_packages(prefix_path) discover
[0.122s] DEBUG:colcon.colcon_installed_package_information.package_discovery:Found 1 installed packages in /home/sachin/ros2_ws/install
[0.124s] DEBUG:colcon.colcon_installed_package_information.package_discovery:Found 486 installed packages in /opt/ros/jazzy
[0.125s] Level 1:colcon.colcon_core.package_discovery:discover_packages(prefix_path) using defaults
[0.156s] Level 5:colcon.colcon_core.verb:set package 'ros2_launch_demo' build argument 'cmake_args' from command line to 'None'
[0.156s] Level 5:colcon.colcon_core.verb:set package 'ros2_launch_demo' build argument 'cmake_target' from command line to 'None'
[0.156s] Level 5:colcon.colcon_core.verb:set package 'ros2_launch_demo' build argument 'cmake_target_skip_unavailable' from command line to 'False'
[0.156s] Level 5:colcon.colcon_core.verb:set package 'ros2_launch_demo' build argument 'cmake_clean_cache' from command line to 'False'
[0.156s] Level 5:colcon.colcon_core.verb:set package 'ros2_launch_demo' build argument 'cmake_clean_first' from command line to 'False'
[0.156s] Level 5:colcon.colcon_core.verb:set package 'ros2_launch_demo' build argument 'cmake_force_configure' from command line to 'False'
[0.156s] Level 5:colcon.colcon_core.verb:set package 'ros2_launch_demo' build argument 'ament_cmake_args' from command line to 'None'
[0.156s] Level 5:colcon.colcon_core.verb:set package 'ros2_launch_demo' build argument 'catkin_cmake_args' from command line to 'None'
[0.156s] Level 5:colcon.colcon_core.verb:set package 'ros2_launch_demo' build argument 'catkin_skip_building_tests' from command line to 'False'
[0.156s] DEBUG:colcon.colcon_core.verb:Building package 'ros2_launch_demo' with the following arguments: {'ament_cmake_args': None, 'build_base': '/home/sachin/ros2_ws/src/assignment-ros2-launch-files-aasritha602/build/ros2_launch_demo', 'catkin_cmake_args': None, 'catkin_skip_building_tests': False, 'cmake_args': None, 'cmake_clean_cache': False, 'cmake_clean_first': False, 'cmake_force_configure': False, 'cmake_target': None, 'cmake_target_skip_unavailable': False, 'install_base': '/home/sachin/ros2_ws/src/assignment-ros2-launch-files-aasritha602/install/ros2_launch_demo', 'merge_install': False, 'path': '/home/sachin/ros2_ws/src/assignment-ros2-launch-files-aasritha602', 'symlink_install': False, 'test_result_base': None}
[0.156s] INFO:colcon.colcon_core.executor:Executing jobs using 'parallel' executor
[0.156s] DEBUG:colcon.colcon_parallel_executor.executor.parallel:run_until_complete
[0.157s] INFO:colcon.colcon_ros.task.ament_cmake.build:Building ROS package in '/home/sachin/ros2_ws/src/assignment-ros2-launch-files-aasritha602' with build type 'ament_cmake'
[0.157s] INFO:colcon.colcon_cmake.task.cmake.build:Building CMake package in '/home/sachin/ros2_ws/src/assignment-ros2-launch-files-aasritha602'
[0.158s] INFO:colcon.colcon_core.plugin_system:Skipping extension 'colcon_core.shell.bat': Not used on non-Windows systems
[0.158s] INFO:colcon.colcon_core.shell:Skip shell extension 'powershell' for command environment: Not usable outside of PowerShell
[0.158s] DEBUG:colcon.colcon_core.shell:Skip shell extension 'dsv' for command environment
[0.165s] DEBUG:colcon.colcon_core.event_handler.log_command:Invoking command in '/home/sachin/ros2_ws/src/assignment-ros2-launch-files-aasritha602/build/ros2_launch_demo': CMAKE_PREFIX_PATH=${CMAKE_PREFIX_PATH}:/opt/ros/jazzy DEBUGINFOD_URLS=https://debuginfod.ubuntu.com /usr/bin/cmake /home/sachin/ros2_ws/src/assignment-ros2-launch-files-aasritha602 -DCMAKE_INSTALL_PREFIX=/home/sachin/ros2_ws/src/assignment-ros2-launch-files-aasritha602/install/ros2_launch_demo
[1.012s] DEBUG:colcon.colcon_core.event_handler.log_command:Invoked command in '/home/sachin/ros2_ws/src/assignment-ros2-launch-files-aasritha602/build/ros2_launch_demo' returned '0': CMAKE_PREFIX_PATH=${CMAKE_PREFIX_PATH}:/opt/ros/jazzy DEBUGINFOD_URLS=https://debuginfod.ubuntu.com /usr/bin/cmake /home/sachin/ros2_ws/src/assignment-ros2-launch-files-aasritha602 -DCMAKE_INSTALL_PREFIX=/home/sachin/ros2_ws/src/assignment-ros2-launch-files-aasritha602/install/ros2_launch_demo
[1.012s] DEBUG:colcon.colcon_core.event_handler.log_command:Invoking command in '/home/sachin/ros2_ws/src/assignment-ros2-launch-files-aasritha602/build/ros2_launch_demo': CMAKE_PREFIX_PATH=${CMAKE_PREFIX_PATH}:/opt/ros/jazzy DEBUGINFOD_URLS=https://debuginfod.ubuntu.com /usr/bin/cmake --build /home/sachin/ros2_ws/src/assignment-ros2-launch-files-aasritha602/build/ros2_launch_demo -- -j24 -l24
[4.900s] DEBUG:colcon.colcon_core.event_handler.log_command:Invoked command in '/home/sachin/ros2_ws/src/assignment-ros2-launch-files-aasritha602/build/ros2_launch_demo' returned '0': CMAKE_PREFIX_PATH=${CMAKE_PREFIX_PATH}:/opt/ros/jazzy DEBUGINFOD_URLS=https://debuginfod.ubuntu.com /usr/bin/cmake --build /home/sachin/ros2_ws/src/assignment-ros2-launch-files-aasritha602/build/ros2_launch_demo -- -j24 -l24
[4.908s] DEBUG:colcon.colcon_core.event_handler.log_command:Invoking command in '/home/sachin/ros2_ws/src/assignment-ros2-launch-files-aasritha602/build/ros2_launch_demo': CMAKE_PREFIX_PATH=${CMAKE_PREFIX_PATH}:/opt/ros/jazzy DEBUGINFOD_URLS=https://debuginfod.ubuntu.com /usr/bin/cmake --install /home/sachin/ros2_ws/src/assignment-ros2-launch-files-aasritha602/build/ros2_launch_demo
[4.918s] Level 1:colcon.colcon_core.environment:create_environment_scripts_only(ros2_launch_demo)
[4.919s] DEBUG:colcon.colcon_core.event_handler.log_command:Invoked command in '/home/sachin/ros2_ws/src/assignment-ros2-launch-files-aasritha602/build/ros2_launch_demo' returned '0': CMAKE_PREFIX_PATH=${CMAKE_PREFIX_PATH}:/opt/ros/jazzy DEBUGINFOD_URLS=https://debuginfod.ubuntu.com /usr/bin/cmake --install /home/sachin/ros2_ws/src/assignment-ros2-launch-files-aasritha602/build/ros2_launch_demo
[4.921s] Level 1:colcon.colcon_core.environment:checking '/home/sachin/ros2_ws/src/assignment-ros2-launch-files-aasritha602/install/ros2_launch_demo' for CMake module files
[4.921s] Level 1:colcon.colcon_core.environment:checking '/home/sachin/ros2_ws/src/assignment-ros2-launch-files-aasritha602/install/ros2_launch_demo' for CMake config files
[4.921s] Level 1:colcon.colcon_core.shell:create_environment_hook('ros2_launch_demo', 'cmake_prefix_path')
[4.921s] INFO:colcon.colcon_core.shell:Creating environment hook '/home/sachin/ros2_ws/src/assignment-ros2-launch-files-aasritha602/install/ros2_launch_demo/share/ros2_launch_demo/hook/cmake_prefix_path.ps1'
[4.922s] INFO:colcon.colcon_core.shell:Creating environment descriptor '/home/sachin/ros2_ws/src/assignment-ros2-launch-files-aasritha602/install/ros2_launch_demo/share/ros2_launch_demo/hook/cmake_prefix_path.dsv'
[4.922s] INFO:colcon.colcon_core.shell:Creating environment hook '/home/sachin/ros2_ws/src/assignment-ros2-launch-files-aasritha602/install/ros2_launch_demo/share/ros2_launch_demo/hook/cmake_prefix_path.sh'
[4.922s] Level 1:colcon.colcon_core.environment:checking '/home/sachin/ros2_ws/src/assignment-ros2-launch-files-aasritha602/install/ros2_launch_demo/lib'
[4.922s] Level 1:colcon.colcon_core.environment:checking '/home/sachin/ros2_ws/src/assignment-ros2-launch-files-aasritha602/install/ros2_launch_demo/bin'
[4.922s] Level 1:colcon.colcon_core.environment:checking '/home/sachin/ros2_ws/src/assignment-ros2-launch-files-aasritha602/install/ros2_launch_demo/lib/pkgconfig/ros2_launch_demo.pc'
[4.922s] Level 1:colcon.colcon_core.environment:checking '/home/sachin/ros2_ws/src/assignment-ros2-launch-files-aasritha602/install/ros2_launch_demo/lib/python3.12/site-packages'
[4.923s] Level 1:colcon.colcon_core.environment:checking '/home/sachin/ros2_ws/src/assignment-ros2-launch-files-aasritha602/install/ros2_launch_demo/bin'
[4.923s] INFO:colcon.colcon_core.shell:Creating package script '/home/sachin/ros2_ws/src/assignment-ros2-launch-files-aasritha602/install/ros2_launch_demo/share/ros2_launch_demo/package.ps1'
[4.923s] INFO:colcon.colcon_core.shell:Creating package descriptor '/home/sachin/ros2_ws/src/assignment-ros2-launch-files-aasritha602/install/ros2_launch_demo/share/ros2_launch_demo/package.dsv'
[4.923s] INFO:colcon.colcon_core.shell:Creating package script '/home/sachin/ros2_ws/src/assignment-ros2-launch-files-aasritha602/install/ros2_launch_demo/share/ros2_launch_demo/package.sh'
[4.924s] INFO:colcon.colcon_core.shell:Creating package script '/home/sachin/ros2_ws/src/assignment-ros2-launch-files-aasritha602/install/ros2_launch_demo/share/ros2_launch_demo/package.bash'
[4.924s] INFO:colcon.colcon_core.shell:Creating package script '/home/sachin/ros2_ws/src/assignment-ros2-launch-files-aasritha602/install/ros2_launch_demo/share/ros2_launch_demo/package.zsh'
[4.924s] Level 1:colcon.colcon_core.environment:create_file_with_runtime_dependencies(/home/sachin/ros2_ws/src/assignment-ros2-launch-files-aasritha602/install/ros2_launch_demo/share/colcon-core/packages/ros2_launch_demo)
[4.924s] Level 1:colcon.colcon_core.environment:create_environment_scripts_only(ros2_launch_demo)
[4.925s] Level 1:colcon.colcon_core.environment:checking '/home/sachin/ros2_ws/src/assignment-ros2-launch-files-aasritha602/install/ros2_launch_demo' for CMake module files
[4.925s] Level 1:colcon.colcon_core.environment:checking '/home/sachin/ros2_ws/src/assignment-ros2-launch-files-aasritha602/install/ros2_launch_demo' for CMake config files
[4.925s] Level 1:colcon.colcon_core.shell:create_environment_hook('ros2_launch_demo', 'cmake_prefix_path')
[4.925s] INFO:colcon.colcon_core.shell:Creating environment hook '/home/sachin/ros2_ws/src/assignment-ros2-launch-files-aasritha602/install/ros2_launch_demo/share/ros2_launch_demo/hook/cmake_prefix_path.ps1'
[4.925s] INFO:colcon.colcon_core.shell:Creating environment descriptor '/home/sachin/ros2_ws/src/assignment-ros2-launch-files-aasritha602/install/ros2_launch_demo/share/ros2_launch_demo/hook/cmake_prefix_path.dsv'
[4.926s] INFO:colcon.colcon_core.shell:Creating environment hook '/home/sachin/ros2_ws/src/assignment-ros2-launch-files-aasritha602/install/ros2_launch_demo/share/ros2_launch_demo/hook/cmake_prefix_path.sh'
[4.926s] Level 1:colcon.colcon_core.environment:checking '/home/sachin/ros2_ws/src/assignment-ros2-launch-files-aasritha602/install/ros2_launch_demo/lib'
[4.926s] Level 1:colcon.colcon_core.environment:checking '/home/sachin/ros2_ws/src/assignment-ros2-launch-files-aasritha602/install/ros2_launch_demo/bin'
[4.926s] Level 1:colcon.colcon_core.environment:checking '/home/sachin/ros2_ws/src/assignment-ros2-launch-files-aasritha602/install/ros2_launch_demo/lib/pkgconfig/ros2_launch_demo.pc'
[4.926s] Level 1:colcon.colcon_core.environment:checking '/home/sachin/ros2_ws/src/assignment-ros2-launch-files-aasritha602/install/ros2_launch_demo/lib/python3.12/site-packages'
[4.926s] Level 1:colcon.colcon_core.environment:checking '/home/sachin/ros2_ws/src/assignment-ros2-launch-files-aasritha602/install/ros2_launch_demo/bin'
[4.926s] INFO:colcon.colcon_core.shell:Creating package script '/home/sachin/ros2_ws/src/assignment-ros2-launch-files-aasritha602/install/ros2_launch_demo/share/ros2_launch_demo/package.ps1'
[4.927s] INFO:colcon.colcon_core.shell:Creating package descriptor '/home/sachin/ros2_ws/src/assignment-ros2-launch-files-aasritha602/install/ros2_launch_demo/share/ros2_launch_demo/package.dsv'
[4.932s] INFO:colcon.colcon_core.shell:Creating package script '/home/sachin/ros2_ws/src/assignment-ros2-launch-files-aasritha602/install/ros2_launch_demo/share/ros2_launch_demo/package.sh'
[4.933s] INFO:colcon.colcon_core.shell:Creating package script '/home/sachin/ros2_ws/src/assignment-ros2-launch-files-aasritha602/install/ros2_launch_demo/share/ros2_launch_demo/package.bash'
[4.933s] INFO:colcon.colcon_core.shell:Creating package script '/home/sachin/ros2_ws/src/assignment-ros2-launch-files-aasritha602/install/ros2_launch_demo/share/ros2_launch_demo/package.zsh'
[4.933s] Level 1:colcon.colcon_core.environment:create_file_with_runtime_dependencies(/home/sachin/ros2_ws/src/assignment-ros2-launch-files-aasritha602/install/ros2_launch_demo/share/colcon-core/packages/ros2_launch_demo)
[4.933s] DEBUG:colcon.colcon_parallel_executor.executor.parallel:closing loop
[4.933s] DEBUG:colcon.colcon_parallel_executor.executor.parallel:loop closed
[4.933s] DEBUG:colcon.colcon_parallel_executor.executor.parallel:run_until_complete finished with '0'
[4.933s] DEBUG:colcon.colcon_core.event_reactor:joining thread
[4.945s] INFO:colcon.colcon_core.plugin_system:Skipping extension 'colcon_notification.desktop_notification.terminal_notifier': Not used on non-Darwin systems
[4.945s] INFO:colcon.colcon_core.plugin_system:Skipping extension 'colcon_notification.desktop_notification.win32': Not used on non-Windows systems
[4.945s] INFO:colcon.colcon_notification.desktop_notification:Sending desktop notification using 'notify2'
[4.956s] DEBUG:colcon.colcon_core.event_reactor:joined thread
[4.957s] INFO:colcon.colcon_core.shell:Creating prefix script '/home/sachin/ros2_ws/src/assignment-ros2-launch-files-aasritha602/install/local_setup.ps1'
[4.957s] INFO:colcon.colcon_core.shell:Creating prefix util module '/home/sachin/ros2_ws/src/assignment-ros2-launch-files-aasritha602/install/_local_setup_util_ps1.py'
[4.958s] INFO:colcon.colcon_core.shell:Creating prefix chain script '/home/sachin/ros2_ws/src/assignment-ros2-launch-files-aasritha602/install/setup.ps1'
[4.959s] INFO:colcon.colcon_core.shell:Creating prefix script '/home/sachin/ros2_ws/src/assignment-ros2-launch-files-aasritha602/install/local_setup.sh'
[4.959s] INFO:colcon.colcon_core.shell:Creating prefix util module '/home/sachin/ros2_ws/src/assignment-ros2-launch-files-aasritha602/install/_local_setup_util_sh.py'
[4.960s] INFO:colcon.colcon_core.shell:Creating prefix chain script '/home/sachin/ros2_ws/src/assignment-ros2-launch-files-aasritha602/install/setup.sh'
[4.960s] INFO:colcon.colcon_core.shell:Creating prefix script '/home/sachin/ros2_ws/src/assignment-ros2-launch-files-aasritha602/install/local_setup.bash'
[4.961s] INFO:colcon.colcon_core.shell:Creating prefix chain script '/home/sachin/ros2_ws/src/assignment-ros2-launch-files-aasritha602/install/setup.bash'
[4.961s] INFO:colcon.colcon_core.shell:Creating prefix script '/home/sachin/ros2_ws/src/assignment-ros2-launch-files-aasritha602/install/local_setup.zsh'
[4.961s] INFO:colcon.colcon_core.shell:Creating prefix chain script '/home/sachin/ros2_ws/src/assignment-ros2-launch-files-aasritha602/install/setup.zsh'
